# JRE version: Java(TM) SE Runtime Environment (17.0+35) (build 17+35-LTS-2724)
# Java VM: Java HotSpot(TM) 64-Bit Server VM (17+35-LTS-2724, mixed mode, emulated-client, sharing, tiered, compressed oops, compressed class ptrs, g1 gc, windows-amd64)
GC Precious Log:
 CPUs: 4 total, 4 available
 Memory: 3930M
 Large Page Support: Disabled
 NUMA Support: Disabled
 Compressed Oops: Enabled (32-bit)
 Heap Region Size: 1M
 Heap Min Capacity: 8M
 Heap Initial Capacity: 62M
 Heap Max Capacity: 984M
 Pre-touch: Disabled
 Parallel Workers: 4
 Concurrent Workers: 1
 Concurrent Refinement Workers: 4
 Periodic GC: Disabled
Heap:
 garbage-first heap   total 159744K, used 44509K [0x00000000c2800000, 0x0000000100000000)
  region size 1024K, 1 young (1024K), 1 survivors (1024K)
 Metaspace       used 87017K, committed 88128K, reserved 1130496K
  class space    used 12803K, committed 13248K, reserved 1048576K
GC Heap History (20 events):
Event: 22.070 GC heap after
{Heap after GC invocations=26 (full 0):
 garbage-first heap   total 90112K, used 37086K [0x00000000c2800000, 0x0000000100000000)
  region size 1024K, 5 young (5120K), 5 survivors (5120K)
 Metaspace       used 70140K, committed 70720K, reserved 1114112K
  class space    used 10409K, committed 10688K, reserved 1048576K
}
Event: 27.943 GC heap before
{Heap before GC invocations=26 (full 0):
 garbage-first heap   total 90112K, used 72926K [0x00000000c2800000, 0x0000000100000000)
  region size 1024K, 40 young (40960K), 5 survivors (5120K)
 Metaspace       used 75063K, committed 75712K, reserved 1114112K
  class space    used 11088K, committed 11392K, reserved 1048576K
}
Event: 27.966 GC heap after
{Heap after GC invocations=27 (full 0):
 garbage-first heap   total 90112K, used 39514K [0x00000000c2800000, 0x0000000100000000)
  region size 1024K, 5 young (5120K), 5 survivors (5120K)
 Metaspace       used 75063K, committed 75712K, reserved 1114112K
  class space    used 11088K, committed 11392K, reserved 1048576K
}
Event: 29.725 GC heap before
{Heap before GC invocations=27 (full 0):
 garbage-first heap   total 90112K, used 72282K [0x00000000c2800000, 0x0000000100000000)
  region size 1024K, 38 young (38912K), 5 survivors (5120K)
 Metaspace       used 76924K, committed 77632K, reserved 1122304K
  class space    used 11376K, committed 11712K, reserved 1048576K
}
Event: 29.734 GC heap after
{Heap after GC invocations=28 (full 0):
 garbage-first heap   total 90112K, used 42552K [0x00000000c2800000, 0x0000000100000000)
  region size 1024K, 3 young (3072K), 3 survivors (3072K)
 Metaspace       used 76924K, committed 77632K, reserved 1122304K
  class space    used 11376K, committed 11712K, reserved 1048576K
}
Event: 30.587 GC heap before
{Heap before GC invocations=28 (full 0):
 garbage-first heap   total 90112K, used 74296K [0x00000000c2800000, 0x0000000100000000)
  region size 1024K, 34 young (34816K), 3 survivors (3072K)
 Metaspace       used 79072K, committed 79744K, reserved 1122304K
  class space    used 11654K, committed 11968K, reserved 1048576K
}
Event: 30.594 GC heap after
{Heap after GC invocations=29 (full 0):
 garbage-first heap   total 90112K, used 44290K [0x00000000c2800000, 0x0000000100000000)
  region size 1024K, 5 young (5120K), 5 survivors (5120K)
 Metaspace       used 79072K, committed 79744K, reserved 1122304K
  class space    used 11654K, committed 11968K, reserved 1048576K
}
Event: 31.779 GC heap before
{Heap before GC invocations=29 (full 0):
 garbage-first heap   total 90112K, used 73986K [0x00000000c2800000, 0x0000000100000000)
  region size 1024K, 34 young (34816K), 5 survivors (5120K)
 Metaspace       used 82093K, committed 82816K, reserved 1122304K
  class space    used 12136K, committed 12480K, reserved 1048576K
}
Event: 31.797 GC heap after
{Heap after GC invocations=30 (full 0):
 garbage-first heap   total 90112K, used 46684K [0x00000000c2800000, 0x0000000100000000)
  region size 1024K, 5 young (5120K), 5 survivors (5120K)
 Metaspace       used 82093K, committed 82816K, reserved 1122304K
  class space    used 12136K, committed 12480K, reserved 1048576K
}
Event: 221.434 GC heap before
{Heap before GC invocations=30 (full 0):
 garbage-first heap   total 90112K, used 72284K [0x00000000c2800000, 0x0000000100000000)
  region size 1024K, 31 young (31744K), 5 survivors (5120K)
 Metaspace       used 87280K, committed 88064K, reserved 1130496K
  class space    used 12863K, committed 13248K, reserved 1048576K
}
Event: 221.594 GC heap after
{Heap after GC invocations=31 (full 0):
 garbage-first heap   total 90112K, used 48316K [0x00000000c2800000, 0x0000000100000000)
  region size 1024K, 3 young (3072K), 3 survivors (3072K)
 Metaspace       used 87280K, committed 88064K, reserved 1130496K
  class space    used 12863K, committed 13248K, reserved 1048576K
}
Event: 268.365 GC heap before
{Heap before GC invocations=32 (full 0):
 garbage-first heap   total 90112K, used 72892K [0x00000000c2800000, 0x0000000100000000)
  region size 1024K, 28 young (28672K), 3 survivors (3072K)
 Metaspace       used 87017K, committed 88128K, reserved 1130496K
  class space    used 12803K, committed 13248K, reserved 1048576K
}
Event: 268.439 GC heap after
{Heap after GC invocations=33 (full 0):
 garbage-first heap   total 90112K, used 48117K [0x00000000c2800000, 0x0000000100000000)
  region size 1024K, 2 young (2048K), 2 survivors (2048K)
 Metaspace       used 87017K, committed 88128K, reserved 1130496K
  class space    used 12803K, committed 13248K, reserved 1048576K
}
Event: 268.448 GC heap before
{Heap before GC invocations=33 (full 0):
 garbage-first heap   total 90112K, used 49141K [0x00000000c2800000, 0x0000000100000000)
  region size 1024K, 4 young (4096K), 2 survivors (2048K)
 Metaspace       used 87017K, committed 88128K, reserved 1130496K
  class space    used 12803K, committed 13248K, reserved 1048576K
}
Event: 268.514 GC heap after
{Heap after GC invocations=34 (full 0):
 garbage-first heap   total 90112K, used 44636K [0x00000000c2800000, 0x0000000100000000)
  region size 1024K, 1 young (1024K), 1 survivors (1024K)
 Metaspace       used 87017K, committed 88128K, reserved 1130496K
  class space    used 12803K, committed 13248K, reserved 1048576K
}
Event: 268.537 GC heap before
{Heap before GC invocations=34 (full 0):
 garbage-first heap   total 90112K, used 73308K [0x00000000c2800000, 0x0000000100000000)
  region size 1024K, 30 young (30720K), 1 survivors (1024K)
 Metaspace       used 87017K, committed 88128K, reserved 1130496K
  class space    used 12803K, committed 13248K, reserved 1048576K
}
Event: 268.549 GC heap after
{Heap after GC invocations=35 (full 0):
 garbage-first heap   total 90112K, used 44544K [0x00000000c2800000, 0x0000000100000000)
  region size 1024K, 1 young (1024K), 1 survivors (1024K)
 Metaspace       used 87017K, committed 88128K, reserved 1130496K
  class space    used 12803K, committed 13248K, reserved 1048576K
}
Event: 268.571 GC heap before
{Heap before GC invocations=35 (full 0):
 garbage-first heap   total 90112K, used 73216K [0x00000000c2800000, 0x0000000100000000)
  region size 1024K, 30 young (30720K), 1 survivors (1024K)
 Metaspace       used 87017K, committed 88128K, reserved 1130496K
  class space    used 12803K, committed 13248K, reserved 1048576K
}
Event: 268.572 GC heap after
{Heap after GC invocations=36 (full 0):
 garbage-first heap   total 90112K, used 44502K [0x00000000c2800000, 0x0000000100000000)
  region size 1024K, 1 young (1024K), 1 survivors (1024K)
 Metaspace       used 87017K, committed 88128K, reserved 1130496K
  class space    used 12803K, committed 13248K, reserved 1048576K
}
Event: 268.589 GC heap before
{Heap before GC invocations=36 (full 0):
 garbage-first heap   total 90112K, used 74198K [0x00000000c2800000, 0x0000000100000000)
  region size 1024K, 31 young (31744K), 1 survivors (1024K)
 Metaspace       used 87017K, committed 88128K, reserved 1130496K
  class space    used 12803K, committed 13248K, reserved 1048576K
}

